[0.537s] Invoking command in '/home/grant/ros2_ws/src/CSCE435Project4': PYTHONPATH=/home/grant/ros2_ws/src/CSCE435Project4/build/project4/prefix_override:/usr/lib/python3/dist-packages/colcon_core/task/python/colcon_distutils_commands:/home/grant/ros2_ws/src/CSCE435Project4/install/project4/lib/python3.10/site-packages:${PYTHONPATH} /usr/bin/python3 -W ignore:setup.py install is deprecated setup.py egg_info --egg-base build/project4 build --build-base /home/grant/ros2_ws/src/CSCE435Project4/build/project4/build install --record /home/grant/ros2_ws/src/CSCE435Project4/build/project4/install.log --single-version-externally-managed install_data
[0.737s] running egg_info
[0.738s] writing build/project4/project4.egg-info/PKG-INFO
[0.738s] writing dependency_links to build/project4/project4.egg-info/dependency_links.txt
[0.739s] writing entry points to build/project4/project4.egg-info/entry_points.txt
[0.739s] writing requirements to build/project4/project4.egg-info/requires.txt
[0.739s] writing top-level names to build/project4/project4.egg-info/top_level.txt
[0.741s] reading manifest file 'build/project4/project4.egg-info/SOURCES.txt'
[0.741s] adding license file 'LICENSE'
[0.742s] writing manifest file 'build/project4/project4.egg-info/SOURCES.txt'
[0.742s] running build
[0.742s] running build_py
[0.743s] running install
[0.743s] running install_lib
[0.745s] running install_data
[0.745s] copying launch/launch.py -> /home/grant/ros2_ws/src/CSCE435Project4/install/project4/share/project4/launch
[0.745s] running install_egg_info
[0.747s] removing '/home/grant/ros2_ws/src/CSCE435Project4/install/project4/lib/python3.10/site-packages/project4-0.0.0-py3.10.egg-info' (and everything under it)
[0.748s] Copying build/project4/project4.egg-info to /home/grant/ros2_ws/src/CSCE435Project4/install/project4/lib/python3.10/site-packages/project4-0.0.0-py3.10.egg-info
[0.749s] running install_scripts
[0.767s] Installing occupancy_grid_publisher script to /home/grant/ros2_ws/src/CSCE435Project4/install/project4/lib/project4
[0.767s] Installing particle_filter_localization script to /home/grant/ros2_ws/src/CSCE435Project4/install/project4/lib/project4
[0.767s] writing list of installed files to '/home/grant/ros2_ws/src/CSCE435Project4/build/project4/install.log'
[0.788s] Invoked command in '/home/grant/ros2_ws/src/CSCE435Project4' returned '0': PYTHONPATH=/home/grant/ros2_ws/src/CSCE435Project4/build/project4/prefix_override:/usr/lib/python3/dist-packages/colcon_core/task/python/colcon_distutils_commands:/home/grant/ros2_ws/src/CSCE435Project4/install/project4/lib/python3.10/site-packages:${PYTHONPATH} /usr/bin/python3 -W ignore:setup.py install is deprecated setup.py egg_info --egg-base build/project4 build --build-base /home/grant/ros2_ws/src/CSCE435Project4/build/project4/build install --record /home/grant/ros2_ws/src/CSCE435Project4/build/project4/install.log --single-version-externally-managed install_data
