[0.558s] Invoking command in '/home/grant/ros2_ws/src/CSCE435Project4': PYTHONPATH=/home/grant/ros2_ws/src/CSCE435Project4/build/project4/prefix_override:/usr/lib/python3/dist-packages/colcon_core/task/python/colcon_distutils_commands:/home/grant/ros2_ws/src/CSCE435Project4/install/project4/lib/python3.10/site-packages:${PYTHONPATH} /usr/bin/python3 -W ignore:setup.py install is deprecated setup.py egg_info --egg-base build/project4 build --build-base /home/grant/ros2_ws/src/CSCE435Project4/build/project4/build install --record /home/grant/ros2_ws/src/CSCE435Project4/build/project4/install.log --single-version-externally-managed install_data
[0.767s] running egg_info
[0.768s] writing build/project4/project4.egg-info/PKG-INFO
[0.768s] writing dependency_links to build/project4/project4.egg-info/dependency_links.txt
[0.768s] writing entry points to build/project4/project4.egg-info/entry_points.txt
[0.769s] writing requirements to build/project4/project4.egg-info/requires.txt
[0.769s] writing top-level names to build/project4/project4.egg-info/top_level.txt
[0.771s] reading manifest file 'build/project4/project4.egg-info/SOURCES.txt'
[0.771s] adding license file 'LICENSE'
[0.772s] writing manifest file 'build/project4/project4.egg-info/SOURCES.txt'
[0.772s] running build
[0.772s] running build_py
[0.773s] running install
[0.773s] running install_lib
[0.775s] running install_data
[0.775s] running install_egg_info
[0.776s] removing '/home/grant/ros2_ws/src/CSCE435Project4/install/project4/lib/python3.10/site-packages/project4-0.0.0-py3.10.egg-info' (and everything under it)
[0.777s] Copying build/project4/project4.egg-info to /home/grant/ros2_ws/src/CSCE435Project4/install/project4/lib/python3.10/site-packages/project4-0.0.0-py3.10.egg-info
[0.778s] running install_scripts
[0.797s] Installing occupancy_grid_publisher script to /home/grant/ros2_ws/src/CSCE435Project4/install/project4/lib/project4
[0.797s] Installing particle_filter_localization script to /home/grant/ros2_ws/src/CSCE435Project4/install/project4/lib/project4
[0.797s] writing list of installed files to '/home/grant/ros2_ws/src/CSCE435Project4/build/project4/install.log'
[0.816s] Invoked command in '/home/grant/ros2_ws/src/CSCE435Project4' returned '0': PYTHONPATH=/home/grant/ros2_ws/src/CSCE435Project4/build/project4/prefix_override:/usr/lib/python3/dist-packages/colcon_core/task/python/colcon_distutils_commands:/home/grant/ros2_ws/src/CSCE435Project4/install/project4/lib/python3.10/site-packages:${PYTHONPATH} /usr/bin/python3 -W ignore:setup.py install is deprecated setup.py egg_info --egg-base build/project4 build --build-base /home/grant/ros2_ws/src/CSCE435Project4/build/project4/build install --record /home/grant/ros2_ws/src/CSCE435Project4/build/project4/install.log --single-version-externally-managed install_data
