[0.546s] Invoking command in '/home/grant/ros2_ws/src/CSCE435Project4': PYTHONPATH=/home/grant/ros2_ws/src/CSCE435Project4/build/project4/prefix_override:/usr/lib/python3/dist-packages/colcon_core/task/python/colcon_distutils_commands:/home/grant/ros2_ws/src/CSCE435Project4/install/project4/lib/python3.10/site-packages:${PYTHONPATH} /usr/bin/python3 -W ignore:setup.py install is deprecated setup.py egg_info --egg-base build/project4 build --build-base /home/grant/ros2_ws/src/CSCE435Project4/build/project4/build install --record /home/grant/ros2_ws/src/CSCE435Project4/build/project4/install.log --single-version-externally-managed install_data
[0.751s] running egg_info
[0.751s] writing build/project4/project4.egg-info/PKG-INFO
[0.752s] writing dependency_links to build/project4/project4.egg-info/dependency_links.txt
[0.752s] writing entry points to build/project4/project4.egg-info/entry_points.txt
[0.752s] writing requirements to build/project4/project4.egg-info/requires.txt
[0.752s] writing top-level names to build/project4/project4.egg-info/top_level.txt
[0.753s] reading manifest file 'build/project4/project4.egg-info/SOURCES.txt'
[0.754s] adding license file 'LICENSE'
[0.754s] writing manifest file 'build/project4/project4.egg-info/SOURCES.txt'
[0.754s] running build
[0.754s] running build_py
[0.755s] copying project4/particle_filter_localization.py -> /home/grant/ros2_ws/src/CSCE435Project4/build/project4/build/lib/project4
[0.755s] running install
[0.755s] running install_lib
[0.756s] copying /home/grant/ros2_ws/src/CSCE435Project4/build/project4/build/lib/project4/particle_filter_localization.py -> /home/grant/ros2_ws/src/CSCE435Project4/install/project4/lib/python3.10/site-packages/project4
[0.756s] byte-compiling /home/grant/ros2_ws/src/CSCE435Project4/install/project4/lib/python3.10/site-packages/project4/particle_filter_localization.py to particle_filter_localization.cpython-310.pyc
[0.758s] running install_data
[0.758s] copying project4/particle_filter_localization.py -> /home/grant/ros2_ws/src/CSCE435Project4/install/project4/lib/project4
[0.758s] running install_egg_info
[0.760s] removing '/home/grant/ros2_ws/src/CSCE435Project4/install/project4/lib/python3.10/site-packages/project4-0.0.0-py3.10.egg-info' (and everything under it)
[0.760s] Copying build/project4/project4.egg-info to /home/grant/ros2_ws/src/CSCE435Project4/install/project4/lib/python3.10/site-packages/project4-0.0.0-py3.10.egg-info
[0.761s] running install_scripts
[0.777s] Installing occupancy_grid_publisher script to /home/grant/ros2_ws/src/CSCE435Project4/install/project4/lib/project4
[0.777s] Installing particle_filter_localization script to /home/grant/ros2_ws/src/CSCE435Project4/install/project4/lib/project4
[0.778s] writing list of installed files to '/home/grant/ros2_ws/src/CSCE435Project4/build/project4/install.log'
[0.799s] Invoked command in '/home/grant/ros2_ws/src/CSCE435Project4' returned '0': PYTHONPATH=/home/grant/ros2_ws/src/CSCE435Project4/build/project4/prefix_override:/usr/lib/python3/dist-packages/colcon_core/task/python/colcon_distutils_commands:/home/grant/ros2_ws/src/CSCE435Project4/install/project4/lib/python3.10/site-packages:${PYTHONPATH} /usr/bin/python3 -W ignore:setup.py install is deprecated setup.py egg_info --egg-base build/project4 build --build-base /home/grant/ros2_ws/src/CSCE435Project4/build/project4/build install --record /home/grant/ros2_ws/src/CSCE435Project4/build/project4/install.log --single-version-externally-managed install_data
