/home/grant/ros2_ws/src/CSCE435Project4/install/project4/lib/python3.10/site-packages/project4/particle_filter_localization.py
/home/grant/ros2_ws/src/CSCE435Project4/install/project4/lib/python3.10/site-packages/project4/occupancy_grid_publisher.py
/home/grant/ros2_ws/src/CSCE435Project4/install/project4/lib/python3.10/site-packages/project4/__init__.py
/home/grant/ros2_ws/src/CSCE435Project4/install/project4/lib/python3.10/site-packages/project4/__pycache__/particle_filter_localization.cpython-310.pyc
/home/grant/ros2_ws/src/CSCE435Project4/install/project4/lib/python3.10/site-packages/project4/__pycache__/occupancy_grid_publisher.cpython-310.pyc
/home/grant/ros2_ws/src/CSCE435Project4/install/project4/lib/python3.10/site-packages/project4/__pycache__/__init__.cpython-310.pyc
/home/grant/ros2_ws/src/CSCE435Project4/install/project4/share/ament_index/resource_index/packages/project4
/home/grant/ros2_ws/src/CSCE435Project4/install/project4/share/project4/package.xml
/home/grant/ros2_ws/src/CSCE435Project4/install/project4/share/project4/launch/launch.py
/home/grant/ros2_ws/src/CSCE435Project4/install/project4/lib/project4/particle_filter_localization.py
/home/grant/ros2_ws/src/CSCE435Project4/install/project4/lib/project4/occupancy_grid_publisher.py
/home/grant/ros2_ws/src/CSCE435Project4/install/project4/lib/python3.10/site-packages/project4-0.0.0-py3.10.egg-info/zip-safe
/home/grant/ros2_ws/src/CSCE435Project4/install/project4/lib/python3.10/site-packages/project4-0.0.0-py3.10.egg-info/top_level.txt
/home/grant/ros2_ws/src/CSCE435Project4/install/project4/lib/python3.10/site-packages/project4-0.0.0-py3.10.egg-info/requires.txt
/home/grant/ros2_ws/src/CSCE435Project4/install/project4/lib/python3.10/site-packages/project4-0.0.0-py3.10.egg-info/dependency_links.txt
/home/grant/ros2_ws/src/CSCE435Project4/install/project4/lib/python3.10/site-packages/project4-0.0.0-py3.10.egg-info/entry_points.txt
/home/grant/ros2_ws/src/CSCE435Project4/install/project4/lib/python3.10/site-packages/project4-0.0.0-py3.10.egg-info/PKG-INFO
/home/grant/ros2_ws/src/CSCE435Project4/install/project4/lib/python3.10/site-packages/project4-0.0.0-py3.10.egg-info/SOURCES.txt
/home/grant/ros2_ws/src/CSCE435Project4/install/project4/lib/project4/occupancy_grid_publisher
/home/grant/ros2_ws/src/CSCE435Project4/install/project4/lib/project4/particle_filter_localization
