[0.551s] Invoking command in '/home/grant/ros2_ws/src/CSCE435Project4': PYTHONPATH=/home/grant/ros2_ws/src/CSCE435Project4/build/project4/prefix_override:/usr/lib/python3/dist-packages/colcon_core/task/python/colcon_distutils_commands:/home/grant/ros2_ws/src/CSCE435Project4/install/project4/lib/python3.10/site-packages:${PYTHONPATH} /usr/bin/python3 -W ignore:setup.py install is deprecated setup.py egg_info --egg-base build/project4 build --build-base /home/grant/ros2_ws/src/CSCE435Project4/build/project4/build install --record /home/grant/ros2_ws/src/CSCE435Project4/build/project4/install.log --single-version-externally-managed install_data
[0.754s] running egg_info
[0.754s] creating build/project4/project4.egg-info
[0.754s] writing build/project4/project4.egg-info/PKG-INFO
[0.755s] writing dependency_links to build/project4/project4.egg-info/dependency_links.txt
[0.755s] writing entry points to build/project4/project4.egg-info/entry_points.txt
[0.755s] writing requirements to build/project4/project4.egg-info/requires.txt
[0.755s] writing top-level names to build/project4/project4.egg-info/top_level.txt
[0.755s] writing manifest file 'build/project4/project4.egg-info/SOURCES.txt'
[0.757s] reading manifest file 'build/project4/project4.egg-info/SOURCES.txt'
[0.757s] adding license file 'LICENSE'
[0.758s] writing manifest file 'build/project4/project4.egg-info/SOURCES.txt'
[0.758s] running build
[0.758s] running build_py
[0.758s] creating /home/grant/ros2_ws/src/CSCE435Project4/build/project4/build
[0.758s] creating /home/grant/ros2_ws/src/CSCE435Project4/build/project4/build/lib
[0.758s] creating /home/grant/ros2_ws/src/CSCE435Project4/build/project4/build/lib/project4
[0.758s] copying project4/particle_filter_localization.py -> /home/grant/ros2_ws/src/CSCE435Project4/build/project4/build/lib/project4
[0.759s] copying project4/occupancy_grid_publisher.py -> /home/grant/ros2_ws/src/CSCE435Project4/build/project4/build/lib/project4
[0.759s] copying project4/__init__.py -> /home/grant/ros2_ws/src/CSCE435Project4/build/project4/build/lib/project4
[0.759s] running install
[0.759s] running install_lib
[0.760s] creating /home/grant/ros2_ws/src/CSCE435Project4/install/project4/lib/python3.10/site-packages/project4
[0.760s] copying /home/grant/ros2_ws/src/CSCE435Project4/build/project4/build/lib/project4/particle_filter_localization.py -> /home/grant/ros2_ws/src/CSCE435Project4/install/project4/lib/python3.10/site-packages/project4
[0.760s] copying /home/grant/ros2_ws/src/CSCE435Project4/build/project4/build/lib/project4/occupancy_grid_publisher.py -> /home/grant/ros2_ws/src/CSCE435Project4/install/project4/lib/python3.10/site-packages/project4
[0.760s] copying /home/grant/ros2_ws/src/CSCE435Project4/build/project4/build/lib/project4/__init__.py -> /home/grant/ros2_ws/src/CSCE435Project4/install/project4/lib/python3.10/site-packages/project4
[0.760s] byte-compiling /home/grant/ros2_ws/src/CSCE435Project4/install/project4/lib/python3.10/site-packages/project4/particle_filter_localization.py to particle_filter_localization.cpython-310.pyc
[0.761s] byte-compiling /home/grant/ros2_ws/src/CSCE435Project4/install/project4/lib/python3.10/site-packages/project4/occupancy_grid_publisher.py to occupancy_grid_publisher.cpython-310.pyc
[0.762s] byte-compiling /home/grant/ros2_ws/src/CSCE435Project4/install/project4/lib/python3.10/site-packages/project4/__init__.py to __init__.cpython-310.pyc
[0.762s] running install_data
[0.762s] creating /home/grant/ros2_ws/src/CSCE435Project4/install/project4/share/ament_index
[0.762s] creating /home/grant/ros2_ws/src/CSCE435Project4/install/project4/share/ament_index/resource_index
[0.762s] creating /home/grant/ros2_ws/src/CSCE435Project4/install/project4/share/ament_index/resource_index/packages
[0.762s] copying resource/project4 -> /home/grant/ros2_ws/src/CSCE435Project4/install/project4/share/ament_index/resource_index/packages
[0.762s] copying package.xml -> /home/grant/ros2_ws/src/CSCE435Project4/install/project4/share/project4
[0.762s] creating /home/grant/ros2_ws/src/CSCE435Project4/install/project4/share/project4/launch
[0.762s] copying launch/launch.py -> /home/grant/ros2_ws/src/CSCE435Project4/install/project4/share/project4/launch
[0.762s] creating /home/grant/ros2_ws/src/CSCE435Project4/install/project4/lib/project4
[0.763s] copying project4/particle_filter_localization.py -> /home/grant/ros2_ws/src/CSCE435Project4/install/project4/lib/project4
[0.763s] copying project4/occupancy_grid_publisher.py -> /home/grant/ros2_ws/src/CSCE435Project4/install/project4/lib/project4
[0.763s] running install_egg_info
[0.764s] Copying build/project4/project4.egg-info to /home/grant/ros2_ws/src/CSCE435Project4/install/project4/lib/python3.10/site-packages/project4-0.0.0-py3.10.egg-info
[0.764s] running install_scripts
[0.785s] Installing occupancy_grid_publisher script to /home/grant/ros2_ws/src/CSCE435Project4/install/project4/lib/project4
[0.785s] Installing particle_filter_localization script to /home/grant/ros2_ws/src/CSCE435Project4/install/project4/lib/project4
[0.785s] writing list of installed files to '/home/grant/ros2_ws/src/CSCE435Project4/build/project4/install.log'
[0.809s] Invoked command in '/home/grant/ros2_ws/src/CSCE435Project4' returned '0': PYTHONPATH=/home/grant/ros2_ws/src/CSCE435Project4/build/project4/prefix_override:/usr/lib/python3/dist-packages/colcon_core/task/python/colcon_distutils_commands:/home/grant/ros2_ws/src/CSCE435Project4/install/project4/lib/python3.10/site-packages:${PYTHONPATH} /usr/bin/python3 -W ignore:setup.py install is deprecated setup.py egg_info --egg-base build/project4 build --build-base /home/grant/ros2_ws/src/CSCE435Project4/build/project4/build install --record /home/grant/ros2_ws/src/CSCE435Project4/build/project4/install.log --single-version-externally-managed install_data
